Starting Dynare (version 5.4).
Calling Dynare with arguments: none
Starting preprocessing of the model file ...
Found 8 equation(s).
Evaluating expressions...done
Computing static model derivatives (order 1).
Computing dynamic model derivatives (order 1).
Processing outputs ...
done
Preprocessing completed.


STEADY-STATE RESULTS:

y    		 0
c    		 0
inve 		 0
k    		 0
n    		 0
en   		 0
a    		 0
p    		 0

EIGENVALUES:
         Modulus             Real        Imaginary

             0.5              0.5                0
           0.941            0.941                0
            0.95             0.95                0
           1.073            1.073                0
       3.151e+16        3.151e+16                0
       3.769e+16        3.769e+16                0
       2.597e+20        2.597e+20                0


There are 4 eigenvalue(s) larger than 1 in modulus 
for 4 forward-looking variable(s)

The rank condition is verified.


MODEL SUMMARY

  Number of variables:         8
  Number of stochastic shocks: 2
  Number of state variables:   3
  Number of jumpers:           4
  Number of static variables:  2


MATRIX OF COVARIANCE OF EXOGENOUS SHOCKS
Variables          ea        ep
ea           0.000000  0.000000
ep           0.000000  0.010000

POLICY AND TRANSITION FUNCTIONS
                                   y               c            inve               k               n              en               a               p
k(-1)                       0.086822        0.506355       -1.358942        0.941026       -0.334645        0.086822               0               0
p(-1)                      -0.052990       -0.004116       -0.221416       -0.005535       -0.038985       -0.552990               0        0.500000
a(-1)                       1.650130        0.458910        5.755226        0.143881        0.950190        1.650130        0.950000               0
ea                          1.736979        0.483063        6.058133        0.151453        1.000200        1.736979        1.000000               0
ep                         -0.105979       -0.008231       -0.442831       -0.011071       -0.077970       -1.105979               0        1.000000


MOMENTS OF SIMULATED VARIABLES
VARIABLE              MEAN       STD. DEV.        VARIANCE        SKEWNESS        KURTOSIS
y                -0.000115        0.012691        0.000161       -0.027683        0.147622
c                -0.000098        0.003975        0.000016       -0.240614        0.101260
inve             -0.000174        0.050940        0.002595       -0.044038        0.153587
k                -0.000177        0.007171        0.000051       -0.247445        0.100874
n                -0.000014        0.008960        0.000080       -0.052229        0.153557
en               -0.001053        0.130905        0.017136       -0.028979        0.149346
a                 0.000000        0.000000        0.000000             NaN             NaN
p                 0.000938        0.118227        0.013978        0.029175        0.149515


CORRELATION OF SIMULATED VARIABLES
VARIABLE          y        c     inve        k        n       en        a        p
y            1.0000   0.5024   0.9726   0.4480   0.9520   0.9991      NaN  -0.9989
c            0.5024   1.0000   0.2876   0.9981   0.2138   0.4647      NaN  -0.4606
inve         0.9726   0.2876   1.0000   0.2278   0.9971   0.9817      NaN  -0.9826
k            0.4480   0.9981   0.2278   1.0000   0.1529   0.4091      NaN  -0.4048
n            0.9520   0.2138   0.9971   0.1529   1.0000   0.9643      NaN  -0.9655
en           0.9991   0.4647   0.9817   0.4091   0.9643   1.0000      NaN  -1.0000
a               NaN      NaN      NaN      NaN      NaN      NaN      NaN      NaN
p           -0.9989  -0.4606  -0.9826  -0.4048  -0.9655  -1.0000      NaN   1.0000


AUTOCORRELATION OF SIMULATED VARIABLES
VARIABLE          1        2        3        4        5
y            0.5592   0.2995   0.1435   0.0714   0.0786
c            0.9764   0.9410   0.9013   0.8622   0.8263
inve         0.5025   0.2124   0.0404  -0.0362  -0.0231
k            0.9837   0.9522   0.9145   0.8760   0.8393
n            0.4948   0.2006   0.0265  -0.0508  -0.0369
en           0.5453   0.2783   0.1183   0.0451   0.0538
a               NaN      NaN      NaN      NaN      NaN
p            0.5439   0.2761   0.1158   0.0425   0.0513



VARIANCE DECOMPOSITION SIMULATING ONE SHOCK AT A TIME (in percent)
                      ea                ep  Tot. lin. contr.
y                   0.00            100.05            100.05
c                   0.00            100.05            100.05
inve                0.00            100.05            100.05
k                   0.00            100.05            100.05
n                   0.00            100.05            100.05
en                  0.00            100.05            100.05
a                    NaN               NaN               NaN
p                   0.00            100.05            100.05
Note: numbers do not add up to 100 due to non-zero correlation of simulated shocks in small samples

Total computing time : 0h00m03s
