This is pdfTeX, Version 3.14159265-2.6-1.40.21 (TeX Live 2020) (preloaded format=pdflatex 2020.12.12)  25 APR 2023 16:59
entering extended mode
 \write18 enabled.
 file:line:error style messages enabled.
 %&-line parsing enabled.
**untitled3.tex
(./untitled3.tex
LaTeX2e <2020-10-01> patch level 2
L3 programming layer <2020-12-07> xparse <2020-03-03> (/usr/local/texlive/2020/texmf-dist/tex/latex/base/article.cls
Document Class: article 2020/04/10 v1.4m Standard LaTeX document class
(/usr/local/texlive/2020/texmf-dist/tex/latex/base/size10.clo
File: size10.clo 2020/04/10 v1.4m Standard LaTeX file (size option)
)
\c@part=\count177
\c@section=\count178
\c@subsection=\count179
\c@subsubsection=\count180
\c@paragraph=\count181
\c@subparagraph=\count182
\c@figure=\count183
\c@table=\count184
\abovecaptionskip=\skip47
\belowcaptionskip=\skip48
\bibindent=\dimen138
) (/usr/local/texlive/2020/texmf-dist/tex/latex/base/inputenc.sty
Package: inputenc 2020/08/01 v1.3d Input encoding file
\inpenc@prehook=\toks15
\inpenc@posthook=\toks16
) (/usr/local/texlive/2020/texmf-dist/tex/latex/base/fontenc.sty
Package: fontenc 2020/08/10 v2.0s Standard LaTeX package
) (/usr/local/texlive/2020/texmf-dist/tex/latex/lm/lmodern.sty
Package: lmodern 2009/10/30 v1.6 Latin Modern Fonts
LaTeX Font Info:    Overwriting symbol font `operators' in version `normal'
(Font)                  OT1/cmr/m/n --> OT1/lmr/m/n on input line 22.
LaTeX Font Info:    Overwriting symbol font `letters' in version `normal'
(Font)                  OML/cmm/m/it --> OML/lmm/m/it on input line 23.
LaTeX Font Info:    Overwriting symbol font `symbols' in version `normal'
(Font)                  OMS/cmsy/m/n --> OMS/lmsy/m/n on input line 24.
LaTeX Font Info:    Overwriting symbol font `largesymbols' in version `normal'
(Font)                  OMX/cmex/m/n --> OMX/lmex/m/n on input line 25.
LaTeX Font Info:    Overwriting symbol font `operators' in version `bold'
(Font)                  OT1/cmr/bx/n --> OT1/lmr/bx/n on input line 26.
LaTeX Font Info:    Overwriting symbol font `letters' in version `bold'
(Font)                  OML/cmm/b/it --> OML/lmm/b/it on input line 27.
LaTeX Font Info:    Overwriting symbol font `symbols' in version `bold'
(Font)                  OMS/cmsy/b/n --> OMS/lmsy/b/n on input line 28.
LaTeX Font Info:    Overwriting symbol font `largesymbols' in version `bold'
(Font)                  OMX/cmex/m/n --> OMX/lmex/m/n on input line 29.
LaTeX Font Info:    Overwriting math alphabet `\mathbf' in version `normal'
(Font)                  OT1/cmr/bx/n --> OT1/lmr/bx/n on input line 31.
LaTeX Font Info:    Overwriting math alphabet `\mathsf' in version `normal'
(Font)                  OT1/cmss/m/n --> OT1/lmss/m/n on input line 32.
LaTeX Font Info:    Overwriting math alphabet `\mathit' in version `normal'
(Font)                  OT1/cmr/m/it --> OT1/lmr/m/it on input line 33.
LaTeX Font Info:    Overwriting math alphabet `\mathtt' in version `normal'
(Font)                  OT1/cmtt/m/n --> OT1/lmtt/m/n on input line 34.
LaTeX Font Info:    Overwriting math alphabet `\mathbf' in version `bold'
(Font)                  OT1/cmr/bx/n --> OT1/lmr/bx/n on input line 35.
LaTeX Font Info:    Overwriting math alphabet `\mathsf' in version `bold'
(Font)                  OT1/cmss/bx/n --> OT1/lmss/bx/n on input line 36.
LaTeX Font Info:    Overwriting math alphabet `\mathit' in version `bold'
(Font)                  OT1/cmr/bx/it --> OT1/lmr/bx/it on input line 37.
LaTeX Font Info:    Overwriting math alphabet `\mathtt' in version `bold'
(Font)                  OT1/cmtt/m/n --> OT1/lmtt/m/n on input line 38.
) (/usr/local/texlive/2020/texmf-dist/tex/latex/graphics/graphicx.sty
Package: graphicx 2020/09/09 v1.2b Enhanced LaTeX Graphics (DPC,SPQR)
 (/usr/local/texlive/2020/texmf-dist/tex/latex/graphics/keyval.sty
Package: keyval 2014/10/28 v1.15 key=value parser (DPC)
\KV@toks@=\toks17
) (/usr/local/texlive/2020/texmf-dist/tex/latex/graphics/graphics.sty
Package: graphics 2020/08/30 v1.4c Standard LaTeX Graphics (DPC,SPQR)
 (/usr/local/texlive/2020/texmf-dist/tex/latex/graphics/trig.sty
Package: trig 2016/01/03 v1.10 sin cos tan (DPC)
) (/usr/local/texlive/2020/texmf-dist/tex/latex/graphics-cfg/graphics.cfg
File: graphics.cfg 2016/06/04 v1.11 sample graphics configuration
)
Package graphics Info: Driver file: pdftex.def on input line 105.
 (/usr/local/texlive/2020/texmf-dist/tex/latex/graphics-def/pdftex.def
File: pdftex.def 2020/10/05 v1.2a Graphics/color driver for pdftex
))
\Gin@req@height=\dimen139
\Gin@req@width=\dimen140
) (/usr/local/texlive/2020/texmf-dist/tex/latex/graphics/color.sty
Package: color 2020/02/24 v1.2b Standard LaTeX Color (DPC)
 (/usr/local/texlive/2020/texmf-dist/tex/latex/graphics-cfg/color.cfg
File: color.cfg 2016/01/02 v1.6 sample color configuration
)
Package color Info: Driver file: pdftex.def on input line 147.
) (/usr/local/texlive/2020/texmf-dist/tex/latex/hyperref/hyperref.sty
Package: hyperref 2020-05-15 v7.00e Hypertext links for LaTeX
 (/usr/local/texlive/2020/texmf-dist/tex/generic/ltxcmds/ltxcmds.sty
Package: ltxcmds 2020-05-10 v1.25 LaTeX kernel commands for general use (HO)
) (/usr/local/texlive/2020/texmf-dist/tex/generic/iftex/iftex.sty
Package: iftex 2020/03/06 v1.0d TeX engine tests
) (/usr/local/texlive/2020/texmf-dist/tex/generic/pdftexcmds/pdftexcmds.sty
Package: pdftexcmds 2020-06-27 v0.33 Utility functions of pdfTeX for LuaTeX (HO)
 (/usr/local/texlive/2020/texmf-dist/tex/generic/infwarerr/infwarerr.sty
Package: infwarerr 2019/12/03 v1.5 Providing info/warning/error messages (HO)
)
Package pdftexcmds Info: \pdf@primitive is available.
Package pdftexcmds Info: \pdf@ifprimitive is available.
Package pdftexcmds Info: \pdfdraftmode found.
) (/usr/local/texlive/2020/texmf-dist/tex/generic/kvsetkeys/kvsetkeys.sty
Package: kvsetkeys 2019/12/15 v1.18 Key value parser (HO)
) (/usr/local/texlive/2020/texmf-dist/tex/generic/kvdefinekeys/kvdefinekeys.sty
Package: kvdefinekeys 2019-12-19 v1.6 Define keys (HO)
) (/usr/local/texlive/2020/texmf-dist/tex/generic/pdfescape/pdfescape.sty
Package: pdfescape 2019/12/09 v1.15 Implements pdfTeX's escape features (HO)
) (/usr/local/texlive/2020/texmf-dist/tex/latex/hycolor/hycolor.sty
Package: hycolor 2020-01-27 v1.10 Color options for hyperref/bookmark (HO)
) (/usr/local/texlive/2020/texmf-dist/tex/latex/letltxmacro/letltxmacro.sty
Package: letltxmacro 2019/12/03 v1.6 Let assignment for LaTeX macros (HO)
) (/usr/local/texlive/2020/texmf-dist/tex/latex/auxhook/auxhook.sty
Package: auxhook 2019-12-17 v1.6 Hooks for auxiliary files (HO)
) (/usr/local/texlive/2020/texmf-dist/tex/latex/kvoptions/kvoptions.sty
Package: kvoptions 2020-10-07 v3.14 Key value format for package options (HO)
)
\@linkdim=\dimen141
\Hy@linkcounter=\count185
\Hy@pagecounter=\count186
 (/usr/local/texlive/2020/texmf-dist/tex/latex/hyperref/pd1enc.def
File: pd1enc.def 2020-05-15 v7.00e Hyperref: PDFDocEncoding definition (HO)
Now handling font encoding PD1 ...
... no UTF-8 mapping file for font encoding PD1
) (/usr/local/texlive/2020/texmf-dist/tex/generic/intcalc/intcalc.sty
Package: intcalc 2019/12/15 v1.3 Expandable calculations with integers (HO)
) (/usr/local/texlive/2020/texmf-dist/tex/generic/etexcmds/etexcmds.sty
Package: etexcmds 2019/12/15 v1.7 Avoid name clashes with e-TeX commands (HO)
)
\Hy@SavedSpaceFactor=\count187
Package hyperref Info: Hyper figures OFF on input line 4464.
Package hyperref Info: Link nesting OFF on input line 4469.
Package hyperref Info: Hyper index ON on input line 4472.
Package hyperref Info: Plain pages OFF on input line 4479.
Package hyperref Info: Backreferencing OFF on input line 4484.
Package hyperref Info: Implicit mode ON; LaTeX internals redefined.
Package hyperref Info: Bookmarks ON on input line 4717.
\c@Hy@tempcnt=\count188
 (/usr/local/texlive/2020/texmf-dist/tex/latex/url/url.sty
\Urlmuskip=\muskip16
Package: url 2013/09/16  ver 3.4  Verb mode for urls, etc.
)
LaTeX Info: Redefining \url on input line 5076.
\XeTeXLinkMargin=\dimen142
 (/usr/local/texlive/2020/texmf-dist/tex/generic/bitset/bitset.sty
Package: bitset 2019/12/09 v1.3 Handle bit-vector datatype (HO)

(/usr/local/texlive/2020/texmf-dist/tex/generic/bigintcalc/bigintcalc.sty
Package: bigintcalc 2019/12/15 v1.5 Expandable calculations on big integers (HO)
))
\Fld@menulength=\count189
\Field@Width=\dimen143
\Fld@charsize=\dimen144
Package hyperref Info: Hyper figures OFF on input line 6347.
Package hyperref Info: Link nesting OFF on input line 6352.
Package hyperref Info: Hyper index ON on input line 6355.
Package hyperref Info: backreferencing OFF on input line 6362.
Package hyperref Info: Link coloring OFF on input line 6367.
Package hyperref Info: Link coloring with OCG OFF on input line 6372.
Package hyperref Info: PDF/A mode OFF on input line 6377.
LaTeX Info: Redefining \ref on input line 6417.
LaTeX Info: Redefining \pageref on input line 6421.
 (/usr/local/texlive/2020/texmf-dist/tex/latex/base/atbegshi-ltx.sty
Package: atbegshi-ltx 2020/08/17 v1.0a Emulation of the original atbegshi package
with kernel methods
)
\Hy@abspage=\count190
\c@Item=\count191
\c@Hfootnote=\count192
)
Package hyperref Info: Driver (autodetected): hpdftex.
 (/usr/local/texlive/2020/texmf-dist/tex/latex/hyperref/hpdftex.def
File: hpdftex.def 2020-05-15 v7.00e Hyperref driver for pdfTeX
 (/usr/local/texlive/2020/texmf-dist/tex/latex/base/atveryend-ltx.sty
Package: atveryend-ltx 2020/08/19 v1.0a Emulation of the original atvery package
with kernel methods
)
\Fld@listcount=\count193
\c@bookmark@seq@number=\count194
 (/usr/local/texlive/2020/texmf-dist/tex/latex/rerunfilecheck/rerunfilecheck.sty
Package: rerunfilecheck 2019/12/05 v1.9 Rerun checks for auxiliary files (HO)
 (/usr/local/texlive/2020/texmf-dist/tex/generic/uniquecounter/uniquecounter.sty
Package: uniquecounter 2019/12/15 v1.4 Provide unlimited unique counter (HO)
)
Package uniquecounter Info: New unique counter `rerunfilecheck' on input line 286.
)
\Hy@SectionHShift=\skip49
) (/usr/local/texlive/2020/texmf-dist/tex/latex/amsmath/amsmath.sty
Package: amsmath 2020/09/23 v2.17i AMS math features
\@mathmargin=\skip50

For additional information on amsmath, use the `?' option.
(/usr/local/texlive/2020/texmf-dist/tex/latex/amsmath/amstext.sty
Package: amstext 2000/06/29 v2.01 AMS text
 (/usr/local/texlive/2020/texmf-dist/tex/latex/amsmath/amsgen.sty
File: amsgen.sty 1999/11/30 v2.0 generic functions
\@emptytoks=\toks18
\ex@=\dimen145
)) (/usr/local/texlive/2020/texmf-dist/tex/latex/amsmath/amsbsy.sty
Package: amsbsy 1999/11/29 v1.2d Bold Symbols
\pmbraise@=\dimen146
) (/usr/local/texlive/2020/texmf-dist/tex/latex/amsmath/amsopn.sty
Package: amsopn 2016/03/08 v2.02 operator names
)
\inf@bad=\count195
LaTeX Info: Redefining \frac on input line 234.
\uproot@=\count196
\leftroot@=\count197
LaTeX Info: Redefining \overline on input line 399.
\classnum@=\count198
\DOTSCASE@=\count199
LaTeX Info: Redefining \ldots on input line 496.
LaTeX Info: Redefining \dots on input line 499.
LaTeX Info: Redefining \cdots on input line 620.
\Mathstrutbox@=\box47
\strutbox@=\box48
\big@size=\dimen147
LaTeX Font Info:    Redeclaring font encoding OML on input line 743.
LaTeX Font Info:    Redeclaring font encoding OMS on input line 744.
\macc@depth=\count266
\c@MaxMatrixCols=\count267
\dotsspace@=\muskip17
\c@parentequation=\count268
\dspbrk@lvl=\count269
\tag@help=\toks19
\row@=\count270
\column@=\count271
\maxfields@=\count272
\andhelp@=\toks20
\eqnshift@=\dimen148
\alignsep@=\dimen149
\tagshift@=\dimen150
\tagwidth@=\dimen151
\totwidth@=\dimen152
\lineht@=\dimen153
\@envbody=\toks21
\multlinegap=\skip51
\multlinetaggap=\skip52
\mathdisplay@stack=\toks22
LaTeX Info: Redefining \[ on input line 2923.
LaTeX Info: Redefining \] on input line 2924.
) (/usr/local/texlive/2020/texmf-dist/tex/latex/amsfonts/amsfonts.sty
Package: amsfonts 2013/01/14 v3.01 Basic AMSFonts support
\symAMSa=\mathgroup4
\symAMSb=\mathgroup5
LaTeX Font Info:    Redeclaring math symbol \hbar on input line 98.
LaTeX Font Info:    Overwriting math alphabet `\mathfrak' in version `bold'
(Font)                  U/euf/m/n --> U/euf/b/n on input line 106.
) (/usr/local/texlive/2020/texmf-dist/tex/latex/epstopdf-pkg/epstopdf.sty
Package: epstopdf 2020-01-24 v2.11 Conversion with epstopdf on the fly (HO)
 (/usr/local/texlive/2020/texmf-dist/tex/latex/grfext/grfext.sty
Package: grfext 2019/12/03 v1.3 Manage graphics extensions (HO)
) (/usr/local/texlive/2020/texmf-dist/tex/latex/epstopdf-pkg/epstopdf-base.sty
Package: epstopdf-base 2020-01-24 v2.11 Base part for package epstopdf
Package epstopdf-base Info: Redefining graphics rule for `.eps' on input line 485.
Package grfext Info: Graphics extension search list:
(grfext)             [.pdf,.png,.jpg,.mps,.jpeg,.jbig2,.jb2,.PDF,.PNG,.JPG,.JPEG,.JBIG2,.JB2,.eps]
(grfext)             \AppendGraphicsExtensions on input line 504.
 (/usr/local/texlive/2020/texmf-dist/tex/latex/latexconfig/epstopdf-sys.cfg
File: epstopdf-sys.cfg 2010/07/13 v1.3 Configuration of (r)epstopdf for TeX Live
))) (/usr/local/texlive/2020/texmf-dist/tex/latex/xcolor/xcolor.sty
Package: xcolor 2016/05/11 v2.12 LaTeX color extensions (UK)
 (/usr/local/texlive/2020/texmf-dist/tex/latex/graphics-cfg/color.cfg
File: color.cfg 2016/01/02 v1.6 sample color configuration
)
Package xcolor Info: Driver file: pdftex.def on input line 225.
 (/usr/local/texlive/2020/texmf-dist/tex/latex/colortbl/colortbl.sty
Package: colortbl 2020/01/04 v1.0e Color table columns (DPC)
 (/usr/local/texlive/2020/texmf-dist/tex/latex/tools/array.sty
Package: array 2020/10/01 v2.5c Tabular extension package (FMi)
\col@sep=\dimen154
\ar@mcellbox=\box49
\extrarowheight=\dimen155
\NC@list=\toks23
\extratabsurround=\skip53
\backup@length=\skip54
\ar@cellbox=\box50
)
\everycr=\toks24
\minrowclearance=\skip55
)
LaTeX Info: Redefining \color on input line 709.
\rownum=\count273
Package xcolor Info: Model `cmy' substituted by `cmy0' on input line 1348.
Package xcolor Info: Model `hsb' substituted by `rgb' on input line 1352.
Package xcolor Info: Model `RGB' extended on input line 1364.
Package xcolor Info: Model `HTML' substituted by `rgb' on input line 1366.
Package xcolor Info: Model `Hsb' substituted by `hsb' on input line 1367.
Package xcolor Info: Model `tHsb' substituted by `hsb' on input line 1368.
Package xcolor Info: Model `HSB' substituted by `hsb' on input line 1369.
Package xcolor Info: Model `Gray' substituted by `gray' on input line 1370.
Package xcolor Info: Model `wave' substituted by `hsb' on input line 1371.
) (./matlab.sty
Package: matlab 
 (/usr/local/texlive/2020/texmf-dist/tex/latex/tools/verbatim.sty
Package: verbatim 2020-07-07 v1.5u LaTeX2e package for verbatim enhancements
\every@verbatim=\toks25
\verbatim@line=\toks26
\verbatim@in@stream=\read2
) (/usr/local/texlive/2020/texmf-dist/tex/latex/fancyvrb/fancyvrb.sty
Package: fancyvrb 2020/05/03 v3.6 verbatim text (tvz,hv)
\FV@CodeLineNo=\count274
\FV@InFile=\read3
\FV@TabBox=\box51
\c@FancyVerbLine=\count275
\FV@StepNumber=\count276
\FV@OutFile=\write3
) (/usr/local/texlive/2020/texmf-dist/tex/latex/base/alltt.sty
Package: alltt 1997/06/16 v2.0g defines alltt environment
) (/usr/local/texlive/2020/texmf-dist/tex/latex/upquote/upquote.sty
Package: upquote 2012/04/19 v1.3 upright-quote and grave-accent glyphs in verbatim
 (/usr/local/texlive/2020/texmf-dist/tex/latex/base/textcomp.sty
Package: textcomp 2020/02/02 v2.0n Standard LaTeX package
)) (/usr/local/texlive/2020/texmf-dist/tex/latex/mdframed/mdframed.sty
Package: mdframed 2013/07/01 1.9b: mdframed
 (/usr/local/texlive/2020/texmf-dist/tex/latex/l3packages/xparse/xparse.sty (/usr/local/texlive/2020/texmf-dist/tex/latex/l3kernel/expl3.sty
Package: expl3 2020-12-07 L3 programming layer (loader) 
 (/usr/local/texlive/2020/texmf-dist/tex/latex/l3backend/l3backend-pdftex.def
File: l3backend-pdftex.def 2020-09-24 L3 backend support: PDF output (pdfTeX)
\l__kernel_color_stack_int=\count277
\l__pdf_internal_box=\box52
))
Package: xparse 2020-10-27 L3 Experimental document command parser
 (/usr/local/texlive/2020/texmf-dist/tex/latex/l3packages/xparse/xparse-generic.tex)) (/usr/local/texlive/2020/texmf-dist/tex/latex/etoolbox/etoolbox.sty
Package: etoolbox 2020/10/05 v2.5k e-TeX tools for LaTeX (JAW)
\etb@tempcnta=\count278
) (/usr/local/texlive/2020/texmf-dist/tex/latex/zref/zref-abspage.sty
Package: zref-abspage 2020-07-03 v2.32 Module abspage for zref (HO)
 (/usr/local/texlive/2020/texmf-dist/tex/latex/zref/zref-base.sty
Package: zref-base 2020-07-03 v2.32 Module base for zref (HO)
Package zref Info: New property list: main on input line 764.
Package zref Info: New property: default on input line 765.
Package zref Info: New property: page on input line 766.
)
\c@abspage=\count279
Package zref Info: New property: abspage on input line 66.
) (/usr/local/texlive/2020/texmf-dist/tex/latex/needspace/needspace.sty
Package: needspace 2010/09/12 v1.3d reserve vertical space
)
\mdf@templength=\skip56
\c@mdf@globalstyle@cnt=\count280
\mdf@skipabove@length=\skip57
\mdf@skipbelow@length=\skip58
\mdf@leftmargin@length=\skip59
\mdf@rightmargin@length=\skip60
\mdf@innerleftmargin@length=\skip61
\mdf@innerrightmargin@length=\skip62
\mdf@innertopmargin@length=\skip63
\mdf@innerbottommargin@length=\skip64
\mdf@splittopskip@length=\skip65
\mdf@splitbottomskip@length=\skip66
\mdf@outermargin@length=\skip67
\mdf@innermargin@length=\skip68
\mdf@linewidth@length=\skip69
\mdf@innerlinewidth@length=\skip70
\mdf@middlelinewidth@length=\skip71
\mdf@outerlinewidth@length=\skip72
\mdf@roundcorner@length=\skip73
\mdf@footenotedistance@length=\skip74
\mdf@userdefinedwidth@length=\skip75
\mdf@needspace@length=\skip76
\mdf@frametitleaboveskip@length=\skip77
\mdf@frametitlebelowskip@length=\skip78
\mdf@frametitlerulewidth@length=\skip79
\mdf@frametitleleftmargin@length=\skip80
\mdf@frametitlerightmargin@length=\skip81
\mdf@shadowsize@length=\skip82
\mdf@extratopheight@length=\skip83
\mdf@subtitleabovelinewidth@length=\skip84
\mdf@subtitlebelowlinewidth@length=\skip85
\mdf@subtitleaboveskip@length=\skip86
\mdf@subtitlebelowskip@length=\skip87
\mdf@subtitleinneraboveskip@length=\skip88
\mdf@subtitleinnerbelowskip@length=\skip89
\mdf@subsubtitleabovelinewidth@length=\skip90
\mdf@subsubtitlebelowlinewidth@length=\skip91
\mdf@subsubtitleaboveskip@length=\skip92
\mdf@subsubtitlebelowskip@length=\skip93
\mdf@subsubtitleinneraboveskip@length=\skip94
\mdf@subsubtitleinnerbelowskip@length=\skip95
 (/usr/local/texlive/2020/texmf-dist/tex/latex/pgf/frontendlayer/tikz.sty (/usr/local/texlive/2020/texmf-dist/tex/latex/pgf/basiclayer/pgf.sty
(/usr/local/texlive/2020/texmf-dist/tex/latex/pgf/utilities/pgfrcs.sty (/usr/local/texlive/2020/texmf-dist/tex/generic/pgf/utilities/pgfutil-common.tex
\pgfutil@everybye=\toks27
\pgfutil@tempdima=\dimen156
\pgfutil@tempdimb=\dimen157
 (/usr/local/texlive/2020/texmf-dist/tex/generic/pgf/utilities/pgfutil-common-lists.tex)) (/usr/local/texlive/2020/texmf-dist/tex/generic/pgf/utilities/pgfutil-latex.def
\pgfutil@abb=\box53
) (/usr/local/texlive/2020/texmf-dist/tex/generic/pgf/utilities/pgfrcs.code.tex (/usr/local/texlive/2020/texmf-dist/tex/generic/pgf/pgf.revision.tex)
Package: pgfrcs 2020/12/01 v3.1.7a (3.1.7a)
))
Package: pgf 2020/12/01 v3.1.7a (3.1.7a)
 (/usr/local/texlive/2020/texmf-dist/tex/latex/pgf/basiclayer/pgfcore.sty (/usr/local/texlive/2020/texmf-dist/tex/latex/pgf/systemlayer/pgfsys.sty (/usr/local/texlive/2020/texmf-dist/tex/generic/pgf/systemlayer/pgfsys.code.tex
Package: pgfsys 2020/12/01 v3.1.7a (3.1.7a)
 (/usr/local/texlive/2020/texmf-dist/tex/generic/pgf/utilities/pgfkeys.code.tex
\pgfkeys@pathtoks=\toks28
\pgfkeys@temptoks=\toks29
 (/usr/local/texlive/2020/texmf-dist/tex/generic/pgf/utilities/pgfkeysfiltered.code.tex
\pgfkeys@tmptoks=\toks30
))
\pgf@x=\dimen158
\pgf@y=\dimen159
\pgf@xa=\dimen160
\pgf@ya=\dimen161
\pgf@xb=\dimen162
\pgf@yb=\dimen163
\pgf@xc=\dimen164
\pgf@yc=\dimen165
\pgf@xd=\dimen166
\pgf@yd=\dimen167
\w@pgf@writea=\write4
\r@pgf@reada=\read4
\c@pgf@counta=\count281
\c@pgf@countb=\count282
\c@pgf@countc=\count283
\c@pgf@countd=\count284
\t@pgf@toka=\toks31
\t@pgf@tokb=\toks32
\t@pgf@tokc=\toks33
\pgf@sys@id@count=\count285
 (/usr/local/texlive/2020/texmf-dist/tex/generic/pgf/systemlayer/pgf.cfg
File: pgf.cfg 2020/12/01 v3.1.7a (3.1.7a)
)
Driver file for pgf: pgfsys-pdftex.def
 (/usr/local/texlive/2020/texmf-dist/tex/generic/pgf/systemlayer/pgfsys-pdftex.def
File: pgfsys-pdftex.def 2020/12/01 v3.1.7a (3.1.7a)
 (/usr/local/texlive/2020/texmf-dist/tex/generic/pgf/systemlayer/pgfsys-common-pdf.def
File: pgfsys-common-pdf.def 2020/12/01 v3.1.7a (3.1.7a)
))) (/usr/local/texlive/2020/texmf-dist/tex/generic/pgf/systemlayer/pgfsyssoftpath.code.tex
File: pgfsyssoftpath.code.tex 2020/12/01 v3.1.7a (3.1.7a)
\pgfsyssoftpath@smallbuffer@items=\count286
\pgfsyssoftpath@bigbuffer@items=\count287
) (/usr/local/texlive/2020/texmf-dist/tex/generic/pgf/systemlayer/pgfsysprotocol.code.tex
File: pgfsysprotocol.code.tex 2020/12/01 v3.1.7a (3.1.7a)
)) (/usr/local/texlive/2020/texmf-dist/tex/generic/pgf/basiclayer/pgfcore.code.tex
Package: pgfcore 2020/12/01 v3.1.7a (3.1.7a)
 (/usr/local/texlive/2020/texmf-dist/tex/generic/pgf/math/pgfmath.code.tex (/usr/local/texlive/2020/texmf-dist/tex/generic/pgf/math/pgfmathcalc.code.tex (/usr/local/texlive/2020/texmf-dist/tex/generic/pgf/math/pgfmathutil.code.tex) (/usr/local/texlive/2020/texmf-dist/tex/generic/pgf/math/pgfmathparser.code.tex
\pgfmath@dimen=\dimen168
\pgfmath@count=\count288
\pgfmath@box=\box54
\pgfmath@toks=\toks34
\pgfmath@stack@operand=\toks35
\pgfmath@stack@operation=\toks36
) (/usr/local/texlive/2020/texmf-dist/tex/generic/pgf/math/pgfmathfunctions.code.tex (/usr/local/texlive/2020/texmf-dist/tex/generic/pgf/math/pgfmathfunctions.basic.code.tex) (/usr/local/texlive/2020/texmf-dist/tex/generic/pgf/math/pgfmathfunctions.trigonometric.code.tex) (/usr/local/texlive/2020/texmf-dist/tex/generic/pgf/math/pgfmathfunctions.random.code.tex)
(/usr/local/texlive/2020/texmf-dist/tex/generic/pgf/math/pgfmathfunctions.comparison.code.tex) (/usr/local/texlive/2020/texmf-dist/tex/generic/pgf/math/pgfmathfunctions.base.code.tex) (/usr/local/texlive/2020/texmf-dist/tex/generic/pgf/math/pgfmathfunctions.round.code.tex) (/usr/local/texlive/2020/texmf-dist/tex/generic/pgf/math/pgfmathfunctions.misc.code.tex) (/usr/local/texlive/2020/texmf-dist/tex/generic/pgf/math/pgfmathfunctions.integerarithmetics.code.tex))) (/usr/local/texlive/2020/texmf-dist/tex/generic/pgf/math/pgfmathfloat.code.tex
\c@pgfmathroundto@lastzeros=\count289
)) (/usr/local/texlive/2020/texmf-dist/tex/generic/pgf/math/pgfint.code.tex) (/usr/local/texlive/2020/texmf-dist/tex/generic/pgf/basiclayer/pgfcorepoints.code.tex
File: pgfcorepoints.code.tex 2020/12/01 v3.1.7a (3.1.7a)
\pgf@picminx=\dimen169
\pgf@picmaxx=\dimen170
\pgf@picminy=\dimen171
\pgf@picmaxy=\dimen172
\pgf@pathminx=\dimen173
\pgf@pathmaxx=\dimen174
\pgf@pathminy=\dimen175
\pgf@pathmaxy=\dimen176
\pgf@xx=\dimen177
\pgf@xy=\dimen178
\pgf@yx=\dimen179
\pgf@yy=\dimen180
\pgf@zx=\dimen181
\pgf@zy=\dimen182
) (/usr/local/texlive/2020/texmf-dist/tex/generic/pgf/basiclayer/pgfcorepathconstruct.code.tex
File: pgfcorepathconstruct.code.tex 2020/12/01 v3.1.7a (3.1.7a)
\pgf@path@lastx=\dimen183
\pgf@path@lasty=\dimen184
) (/usr/local/texlive/2020/texmf-dist/tex/generic/pgf/basiclayer/pgfcorepathusage.code.tex
File: pgfcorepathusage.code.tex 2020/12/01 v3.1.7a (3.1.7a)
\pgf@shorten@end@additional=\dimen185
\pgf@shorten@start@additional=\dimen186
) (/usr/local/texlive/2020/texmf-dist/tex/generic/pgf/basiclayer/pgfcorescopes.code.tex
File: pgfcorescopes.code.tex 2020/12/01 v3.1.7a (3.1.7a)
\pgfpic=\box55
\pgf@hbox=\box56
\pgf@layerbox@main=\box57
\pgf@picture@serial@count=\count290
) (/usr/local/texlive/2020/texmf-dist/tex/generic/pgf/basiclayer/pgfcoregraphicstate.code.tex
File: pgfcoregraphicstate.code.tex 2020/12/01 v3.1.7a (3.1.7a)
\pgflinewidth=\dimen187
) (/usr/local/texlive/2020/texmf-dist/tex/generic/pgf/basiclayer/pgfcoretransformations.code.tex
File: pgfcoretransformations.code.tex 2020/12/01 v3.1.7a (3.1.7a)
\pgf@pt@x=\dimen188
\pgf@pt@y=\dimen189
\pgf@pt@temp=\dimen190
) (/usr/local/texlive/2020/texmf-dist/tex/generic/pgf/basiclayer/pgfcorequick.code.tex
File: pgfcorequick.code.tex 2020/12/01 v3.1.7a (3.1.7a)
) (/usr/local/texlive/2020/texmf-dist/tex/generic/pgf/basiclayer/pgfcoreobjects.code.tex
File: pgfcoreobjects.code.tex 2020/12/01 v3.1.7a (3.1.7a)
) (/usr/local/texlive/2020/texmf-dist/tex/generic/pgf/basiclayer/pgfcorepathprocessing.code.tex
File: pgfcorepathprocessing.code.tex 2020/12/01 v3.1.7a (3.1.7a)
) (/usr/local/texlive/2020/texmf-dist/tex/generic/pgf/basiclayer/pgfcorearrows.code.tex
File: pgfcorearrows.code.tex 2020/12/01 v3.1.7a (3.1.7a)
\pgfarrowsep=\dimen191
) (/usr/local/texlive/2020/texmf-dist/tex/generic/pgf/basiclayer/pgfcoreshade.code.tex
File: pgfcoreshade.code.tex 2020/12/01 v3.1.7a (3.1.7a)
\pgf@max=\dimen192
\pgf@sys@shading@range@num=\count291
\pgf@shadingcount=\count292
) (/usr/local/texlive/2020/texmf-dist/tex/generic/pgf/basiclayer/pgfcoreimage.code.tex
File: pgfcoreimage.code.tex 2020/12/01 v3.1.7a (3.1.7a)
 (/usr/local/texlive/2020/texmf-dist/tex/generic/pgf/basiclayer/pgfcoreexternal.code.tex
File: pgfcoreexternal.code.tex 2020/12/01 v3.1.7a (3.1.7a)
\pgfexternal@startupbox=\box58
)) (/usr/local/texlive/2020/texmf-dist/tex/generic/pgf/basiclayer/pgfcorelayers.code.tex
File: pgfcorelayers.code.tex 2020/12/01 v3.1.7a (3.1.7a)
) (/usr/local/texlive/2020/texmf-dist/tex/generic/pgf/basiclayer/pgfcoretransparency.code.tex
File: pgfcoretransparency.code.tex 2020/12/01 v3.1.7a (3.1.7a)
)
(/usr/local/texlive/2020/texmf-dist/tex/generic/pgf/basiclayer/pgfcorepatterns.code.tex
File: pgfcorepatterns.code.tex 2020/12/01 v3.1.7a (3.1.7a)
) (/usr/local/texlive/2020/texmf-dist/tex/generic/pgf/basiclayer/pgfcorerdf.code.tex
File: pgfcorerdf.code.tex 2020/12/01 v3.1.7a (3.1.7a)
))) (/usr/local/texlive/2020/texmf-dist/tex/generic/pgf/modules/pgfmoduleshapes.code.tex
File: pgfmoduleshapes.code.tex 2020/12/01 v3.1.7a (3.1.7a)
\pgfnodeparttextbox=\box59
) (/usr/local/texlive/2020/texmf-dist/tex/generic/pgf/modules/pgfmoduleplot.code.tex
File: pgfmoduleplot.code.tex 2020/12/01 v3.1.7a (3.1.7a)
) (/usr/local/texlive/2020/texmf-dist/tex/latex/pgf/compatibility/pgfcomp-version-0-65.sty
Package: pgfcomp-version-0-65 2020/12/01 v3.1.7a (3.1.7a)
\pgf@nodesepstart=\dimen193
\pgf@nodesepend=\dimen194
) (/usr/local/texlive/2020/texmf-dist/tex/latex/pgf/compatibility/pgfcomp-version-1-18.sty
Package: pgfcomp-version-1-18 2020/12/01 v3.1.7a (3.1.7a)
)) (/usr/local/texlive/2020/texmf-dist/tex/latex/pgf/utilities/pgffor.sty (/usr/local/texlive/2020/texmf-dist/tex/latex/pgf/utilities/pgfkeys.sty (/usr/local/texlive/2020/texmf-dist/tex/generic/pgf/utilities/pgfkeys.code.tex)) (/usr/local/texlive/2020/texmf-dist/tex/latex/pgf/math/pgfmath.sty (/usr/local/texlive/2020/texmf-dist/tex/generic/pgf/math/pgfmath.code.tex)) (/usr/local/texlive/2020/texmf-dist/tex/generic/pgf/utilities/pgffor.code.tex
Package: pgffor 2020/12/01 v3.1.7a (3.1.7a)
 (/usr/local/texlive/2020/texmf-dist/tex/generic/pgf/math/pgfmath.code.tex)
\pgffor@iter=\dimen195
\pgffor@skip=\dimen196
\pgffor@stack=\toks37
\pgffor@toks=\toks38
)) (/usr/local/texlive/2020/texmf-dist/tex/generic/pgf/frontendlayer/tikz/tikz.code.tex
Package: tikz 2020/12/01 v3.1.7a (3.1.7a)
 (/usr/local/texlive/2020/texmf-dist/tex/generic/pgf/libraries/pgflibraryplothandlers.code.tex
File: pgflibraryplothandlers.code.tex 2020/12/01 v3.1.7a (3.1.7a)
\pgf@plot@mark@count=\count293
\pgfplotmarksize=\dimen197
)
\tikz@lastx=\dimen198
\tikz@lasty=\dimen199
\tikz@lastxsaved=\dimen256
\tikz@lastysaved=\dimen257
\tikz@lastmovetox=\dimen258
\tikz@lastmovetoy=\dimen259
\tikzleveldistance=\dimen260
\tikzsiblingdistance=\dimen261
\tikz@figbox=\box60
\tikz@figbox@bg=\box61
\tikz@tempbox=\box62
\tikz@tempbox@bg=\box63
\tikztreelevel=\count294
\tikznumberofchildren=\count295
\tikznumberofcurrentchild=\count296
\tikz@fig@count=\count297
 (/usr/local/texlive/2020/texmf-dist/tex/generic/pgf/modules/pgfmodulematrix.code.tex
File: pgfmodulematrix.code.tex 2020/12/01 v3.1.7a (3.1.7a)
\pgfmatrixcurrentrow=\count298
\pgfmatrixcurrentcolumn=\count299
\pgf@matrix@numberofcolumns=\count300
)
\tikz@expandcount=\count301
 (/usr/local/texlive/2020/texmf-dist/tex/generic/pgf/frontendlayer/tikz/libraries/tikzlibrarytopaths.code.tex
File: tikzlibrarytopaths.code.tex 2020/12/01 v3.1.7a (3.1.7a)
))) (/usr/local/texlive/2020/texmf-dist/tex/latex/mdframed/md-frame-1.mdf
File: md-frame-1.mdf 2013/07/01\ 1.9b: md-frame-1
)
\mdf@frametitlebox=\box64
\mdf@footnotebox=\box65
\mdf@splitbox@one=\box66
\mdf@splitbox@two=\box67
\mdf@splitbox@save=\box68
\mdfsplitboxwidth=\skip96
\mdfsplitboxtotalwidth=\skip97
\mdfsplitboxheight=\skip98
\mdfsplitboxdepth=\skip99
\mdfsplitboxtotalheight=\skip100
\mdfframetitleboxwidth=\skip101
\mdfframetitleboxtotalwidth=\skip102
\mdfframetitleboxheight=\skip103
\mdfframetitleboxdepth=\skip104
\mdfframetitleboxtotalheight=\skip105
\mdffootnoteboxwidth=\skip106
\mdffootnoteboxtotalwidth=\skip107
\mdffootnoteboxheight=\skip108
\mdffootnoteboxdepth=\skip109
\mdffootnoteboxtotalheight=\skip110
\mdftotallinewidth=\skip111
\mdfboundingboxwidth=\skip112
\mdfboundingboxtotalwidth=\skip113
\mdfboundingboxheight=\skip114
\mdfboundingboxdepth=\skip115
\mdfboundingboxtotalheight=\skip116
\mdf@freevspace@length=\skip117
\mdf@horizontalwidthofbox@length=\skip118
\mdf@verticalmarginwhole@length=\skip119
\mdf@horizontalspaceofbox=\skip120
\mdfsubtitleheight=\skip121
\mdfsubsubtitleheight=\skip122
\c@mdfcountframes=\count302

****** mdframed patching \endmdf@trivlist

****** -- success******

\mdf@envdepth=\count303
\c@mdf@env@i=\count304
\c@mdf@env@ii=\count305
\c@mdf@zref@counter=\count306
Package zref Info: New property: mdf@pagevalue on input line 895.
)
   defining Unicode char U+B0 (decimal 176)
   defining Unicode char U+21B5 (decimal 8629)
Package hyperref Info: Option `colorlinks' set `true' on input line 30.
\c@multititle=\count307
\c@hastoc=\count308
)
LaTeX Font Info:    Trying to load font information for T1+lmr on input line 22.
 (/usr/local/texlive/2020/texmf-dist/tex/latex/lm/t1lmr.fd
File: t1lmr.fd 2009/10/30 v1.6 Font defs for Latin Modern
) (/Users/heinzemax/Documents/GitHub/macro2/assignment1/.texpadtmp/untitled3.aux)
\openout1 = `untitled3.aux'.

LaTeX Font Info:    Checking defaults for OML/cmm/m/it on input line 22.
LaTeX Font Info:    ... okay on input line 22.
LaTeX Font Info:    Checking defaults for OMS/cmsy/m/n on input line 22.
LaTeX Font Info:    ... okay on input line 22.
LaTeX Font Info:    Checking defaults for OT1/cmr/m/n on input line 22.
LaTeX Font Info:    ... okay on input line 22.
LaTeX Font Info:    Checking defaults for T1/cmr/m/n on input line 22.
LaTeX Font Info:    ... okay on input line 22.
LaTeX Font Info:    Checking defaults for TS1/cmr/m/n on input line 22.
LaTeX Font Info:    ... okay on input line 22.
LaTeX Font Info:    Checking defaults for OMX/cmex/m/n on input line 22.
LaTeX Font Info:    ... okay on input line 22.
LaTeX Font Info:    Checking defaults for U/cmr/m/n on input line 22.
LaTeX Font Info:    ... okay on input line 22.
LaTeX Font Info:    Checking defaults for PD1/pdf/m/n on input line 22.
LaTeX Font Info:    ... okay on input line 22.
 (/usr/local/texlive/2020/texmf-dist/tex/context/base/mkii/supp-pdf.mkii
[Loading MPS to PDF converter (version 2006.09.02).]
\scratchcounter=\count309
\scratchdimen=\dimen262
\scratchbox=\box69
\nofMPsegments=\count310
\nofMParguments=\count311
\everyMPshowfont=\toks39
\MPscratchCnt=\count312
\MPscratchDim=\dimen263
\MPnumerator=\count313
\makeMPintoPDFobject=\count314
\everyMPtoPDFconversion=\toks40
)
Package hyperref Info: Link coloring ON on input line 22.
 (/usr/local/texlive/2020/texmf-dist/tex/latex/hyperref/nameref.sty
Package: nameref 2019/09/16 v2.46 Cross-referencing by name of section
 (/usr/local/texlive/2020/texmf-dist/tex/latex/refcount/refcount.sty
Package: refcount 2019/12/15 v3.6 Data extraction from label references (HO)
) (/usr/local/texlive/2020/texmf-dist/tex/generic/gettitlestring/gettitlestring.sty
Package: gettitlestring 2019/12/15 v1.6 Cleanup title references (HO)
)
\c@section@level=\count315
)
LaTeX Info: Redefining \ref on input line 22.
LaTeX Info: Redefining \pageref on input line 22.
LaTeX Info: Redefining \nameref on input line 22.
 (/Users/heinzemax/Documents/GitHub/macro2/assignment1/.texpadtmp/untitled3.out) (/Users/heinzemax/Documents/GitHub/macro2/assignment1/.texpadtmp/untitled3.out)
\@outlinefile=\write5
\openout5 = `untitled3.out'.

LaTeX Font Info:    Trying to load font information for T1+lmtt on input line 24.
 (/usr/local/texlive/2020/texmf-dist/tex/latex/lm/t1lmtt.fd
File: t1lmtt.fd 2009/10/30 v1.6 Font defs for Latin Modern
)
LaTeX Font Info:    Trying to load font information for TS1+lmtt on input line 27.
 (/usr/local/texlive/2020/texmf-dist/tex/latex/lm/ts1lmtt.fd
File: ts1lmtt.fd 2009/10/30 v1.6 Font defs for Latin Modern
)
Overfull \hbox (12.79901pt too wide) in paragraph at lines 33--33
[]\T1/lmtt/m/n/10 % Read in macroeconomic data from an Excel file and prepare data[] 
 []


Overfull \hbox (70.54884pt too wide) in paragraph at lines 35--35
[]\T1/lmtt/m/n/10 data.Year=datetime(data.TIME,\TS1/lmtt/m/n/10 '\T1/lmtt/m/n/10 InputFormat\TS1/lmtt/m/n/10 '\T1/lmtt/m/n/10 ,\TS1/lmtt/m/n/10 '\T1/lmtt/m/n/10 uuuu-QQQ\TS1/lmtt/m/n/10 '\T1/lmtt/m/n/10 ,\TS1/lmtt/m/n/10 '\T1/lmtt/m/n/10 Format\TS1/lmtt/m/n/10 '\T1/lmtt/m/n/10 ,\TS1/lmtt/m/n/10 '\T1/lmtt/m/n/10 uuuu-QQQ\TS1/lmtt/m/n/10 '\T1/lmtt/m/n/10 );[] 
 []


Overfull \hbox (222.7984pt too wide) in paragraph at lines 45--45
[]\T1/lmtt/m/n/10 % Remove the first 20 years of GDP data to make time series balanced (since they contain missing values)[] 
 []


Overfull \hbox (396.0479pt too wide) in paragraph at lines 58--58
[]\T1/lmtt/m/n/10 plot(data.Year, data.GDP, data.Year, data.HouseholdConsumption, data.Year, data.CapitalFormation, data.Year, data.GovernmentConsumption);[] 
 []


Overfull \hbox (128.29868pt too wide) in paragraph at lines 61--61
[]\T1/lmtt/m/n/10 legend(\TS1/lmtt/m/n/10 '\T1/lmtt/m/n/10 GDP\TS1/lmtt/m/n/10 '\T1/lmtt/m/n/10 , \TS1/lmtt/m/n/10 '\T1/lmtt/m/n/10 Household Consumption\TS1/lmtt/m/n/10 '\T1/lmtt/m/n/10 , \TS1/lmtt/m/n/10 '\T1/lmtt/m/n/10 Capital Formation\TS1/lmtt/m/n/10 '\T1/lmtt/m/n/10 , \TS1/lmtt/m/n/10 '\T1/lmtt/m/n/10 Government Consumption\TS1/lmtt/m/n/10 '\T1/lmtt/m/n/10 );[] 
 []


Overfull \hbox (1104.79584pt too wide) in paragraph at lines 63--63
[]\T1/lmtt/m/n/10 %% Comment: The time series plot for GDP, household consumption, government expenditure and investment shows the strong correlation between those time series. Consumption, investment, and government expenditure make up for about 52, 22 and 24 percent of GDP, respectively.[] 
 []


Overfull \hbox (196.54848pt too wide) in paragraph at lines 65--65
[]\T1/lmtt/m/n/10 %obtaining the stationary (cyclical) component using the HP filter and plot the cyclical components[] 
 []


Overfull \hbox (18.049pt too wide) in paragraph at lines 71--71
[]\T1/lmtt/m/n/10 plot(Year, Y_cycle, Year, C_cycle, Year, I_cycle, Year, G_cycle);[] 
 []


Overfull \hbox (128.29868pt too wide) in paragraph at lines 74--74
[]\T1/lmtt/m/n/10 legend(\TS1/lmtt/m/n/10 '\T1/lmtt/m/n/10 GDP\TS1/lmtt/m/n/10 '\T1/lmtt/m/n/10 , \TS1/lmtt/m/n/10 '\T1/lmtt/m/n/10 Household Consumption\TS1/lmtt/m/n/10 '\T1/lmtt/m/n/10 , \TS1/lmtt/m/n/10 '\T1/lmtt/m/n/10 Capital Formation\TS1/lmtt/m/n/10 '\T1/lmtt/m/n/10 , \TS1/lmtt/m/n/10 '\T1/lmtt/m/n/10 Government Consumption\TS1/lmtt/m/n/10 '\T1/lmtt/m/n/10 );[] 
 []


Overfull \hbox (2522.29172pt too wide) in paragraph at lines 76--76
[]\T1/lmtt/m/n/10 %% Comment: The stationary (cyclical) component of GDP, consumption, investment, and government expenditure is obtained using the HP filter with a smoothing parameter of 1600. The cyclical components for each variable are then plotted on the same graph. The plot shows how each variable deviates from its long-term trend over time. The cyclical component is much smoother than the original time series and captures the long-term trends in the data. From the curves, it appears that investments is the most volatile time series among the four.[] 
 []


Overfull \hbox (44.29892pt too wide) in paragraph at lines 78--78
[]\T1/lmtt/m/n/10 %creating summary table of business cycle stylized facts (full sample)[] 
 []


Overfull \hbox (7.54903pt too wide) in paragraph at lines 97--97
[]\T1/lmtt/m/n/10 corr_cyclical = corrcoef([Y_cycle, C_cycle, I_cycle, G_cycle]);[] 
 []


Overfull \hbox (23.29898pt too wide) in paragraph at lines 99--99
[]\T1/lmtt/m/n/10 disp(\TS1/lmtt/m/n/10 '\T1/lmtt/m/n/10 Contemporaneous Output Correlations of Cyclical Components\TS1/lmtt/m/n/10 '\T1/lmtt/m/n/10 )[] 
 []


Overfull \hbox (18.049pt too wide) in paragraph at lines 100--100
[]\T1/lmtt/m/n/10 disp(\TS1/lmtt/m/n/10 '\T1/lmtt/m/n/10 ---------------------------------------------------------\TS1/lmtt/m/n/10 '\T1/lmtt/m/n/10 )[] 
 []


Overfull \hbox (165.04857pt too wide) in paragraph at lines 103--103
[]\T1/lmtt/m/n/10 T = table(std_Y_cycle, std_C_cycle, std_I_cycle, std_G_cycle, Y_rsd, C_rsd, I_rsd, G_rsd, ...[] 
 []


Overfull \hbox (123.04869pt too wide) in paragraph at lines 104--104
[]          \T1/lmtt/m/n/10 corr_matrix(1,1), corr_matrix(1,2), corr_matrix(1,3), corr_matrix(1,4), ...[] 
 []


Overfull \hbox (123.04869pt too wide) in paragraph at lines 105--105
[]          \T1/lmtt/m/n/10 corr_matrix(2,1), corr_matrix(2,2), corr_matrix(2,3), corr_matrix(2,4), ...[] 
 []


Overfull \hbox (123.04869pt too wide) in paragraph at lines 106--106
[]          \T1/lmtt/m/n/10 corr_matrix(3,1), corr_matrix(3,2), corr_matrix(3,3), corr_matrix(3,4), ...[] 
 []


Overfull \hbox (123.04869pt too wide) in paragraph at lines 107--107
[]          \T1/lmtt/m/n/10 corr_matrix(4,1), corr_matrix(4,2), corr_matrix(4,3), corr_matrix(4,4), ...[] 
 []


Overfull \hbox (217.54842pt too wide) in paragraph at lines 108--108
[]          \TS1/lmtt/m/n/10 '\T1/lmtt/m/n/10 VariableNames\TS1/lmtt/m/n/10 '\T1/lmtt/m/n/10 , {\TS1/lmtt/m/n/10 '\T1/lmtt/m/n/10 Std_Y\TS1/lmtt/m/n/10 '\T1/lmtt/m/n/10 , \TS1/lmtt/m/n/10 '\T1/lmtt/m/n/10 Std_C\TS1/lmtt/m/n/10 '\T1/lmtt/m/n/10 , \TS1/lmtt/m/n/10 '\T1/lmtt/m/n/10 Std_I\TS1/lmtt/m/n/10 '\T1/lmtt/m/n/10 , \TS1/lmtt/m/n/10 '\T1/lmtt/m/n/10 Std_G\TS1/lmtt/m/n/10 '\T1/lmtt/m/n/10 , \TS1/lmtt/m/n/10 '\T1/lmtt/m/n/10 RSD_Y\TS1/lmtt/m/n/10 '\T1/lmtt/m/n/10 , \TS1/lmtt/m/n/10 '\T1/lmtt/m/n/10 RSD_C\TS1/lmtt/m/n/10 '\T1/lmtt/m/n/10 , \TS1/lmtt/m/n/10 '\T1/lmtt/m/n/10 RSD_I\TS1/lmtt/m/n/10 '\T1/lmtt/m/n/10 , \TS1/lmtt/m/n/10 '\T1/lmtt/m/n/10 RSD_G\TS1/lmtt/m/n/10 '\T1/lmtt/m/n/10 , ...[] 
 []


Overfull \hbox (91.54878pt too wide) in paragraph at lines 109--109
[]                            \TS1/lmtt/m/n/10 '\T1/lmtt/m/n/10 Corr_Y_Y\TS1/lmtt/m/n/10 '\T1/lmtt/m/n/10 , \TS1/lmtt/m/n/10 '\T1/lmtt/m/n/10 Corr_Y_C\TS1/lmtt/m/n/10 '\T1/lmtt/m/n/10 , \TS1/lmtt/m/n/10 '\T1/lmtt/m/n/10 Corr_Y_I\TS1/lmtt/m/n/10 '\T1/lmtt/m/n/10 , \TS1/lmtt/m/n/10 '\T1/lmtt/m/n/10 Corr_Y_G\TS1/lmtt/m/n/10 '\T1/lmtt/m/n/10 , ...[] 
 []


Overfull \hbox (91.54878pt too wide) in paragraph at lines 110--110
[]                            \TS1/lmtt/m/n/10 '\T1/lmtt/m/n/10 Corr_C_Y\TS1/lmtt/m/n/10 '\T1/lmtt/m/n/10 , \TS1/lmtt/m/n/10 '\T1/lmtt/m/n/10 Corr_C_C\TS1/lmtt/m/n/10 '\T1/lmtt/m/n/10 , \TS1/lmtt/m/n/10 '\T1/lmtt/m/n/10 Corr_C_I\TS1/lmtt/m/n/10 '\T1/lmtt/m/n/10 , \TS1/lmtt/m/n/10 '\T1/lmtt/m/n/10 Corr_C_G\TS1/lmtt/m/n/10 '\T1/lmtt/m/n/10 , ...[] 
 []


Overfull \hbox (91.54878pt too wide) in paragraph at lines 111--111
[]                            \TS1/lmtt/m/n/10 '\T1/lmtt/m/n/10 Corr_I_Y\TS1/lmtt/m/n/10 '\T1/lmtt/m/n/10 , \TS1/lmtt/m/n/10 '\T1/lmtt/m/n/10 Corr_I_C\TS1/lmtt/m/n/10 '\T1/lmtt/m/n/10 , \TS1/lmtt/m/n/10 '\T1/lmtt/m/n/10 Corr_I_I\TS1/lmtt/m/n/10 '\T1/lmtt/m/n/10 , \TS1/lmtt/m/n/10 '\T1/lmtt/m/n/10 Corr_I_G\TS1/lmtt/m/n/10 '\T1/lmtt/m/n/10 , ...[] 
 []


Overfull \hbox (81.04881pt too wide) in paragraph at lines 112--112
[]                            \TS1/lmtt/m/n/10 '\T1/lmtt/m/n/10 Corr_G_Y\TS1/lmtt/m/n/10 '\T1/lmtt/m/n/10 , \TS1/lmtt/m/n/10 '\T1/lmtt/m/n/10 Corr_G_C\TS1/lmtt/m/n/10 '\T1/lmtt/m/n/10 , \TS1/lmtt/m/n/10 '\T1/lmtt/m/n/10 Corr_G_I\TS1/lmtt/m/n/10 '\T1/lmtt/m/n/10 , \TS1/lmtt/m/n/10 '\T1/lmtt/m/n/10 Corr_G_G\TS1/lmtt/m/n/10 '\T1/lmtt/m/n/10 });[] 
 []


Overfull \hbox (4627.5356pt too wide) in paragraph at lines 116--116
[]\T1/lmtt/m/n/10 %% Comment: The results indicate that the cyclical components of output (Y), consumption (C), investment (I), and government spending (G) have standard deviations ranging from 0.2112 to 0.2438, and relative standard deviations ranging from 1.7054% to 2.1316%. The contemporaneous output correlations of cyclical components suggest that there are high positive correlations among Y, C, I, and G, with correlation coefficients ranging from 0.9786 to 1.0000. This indicates that the cyclical fluctuations in these variables tend to move together. The relative standard deviation of investment is the highest among the four variables, at 2.1316%. This suggests that investment is the most volatile of the four components. The relative standard deviation of consumption is slightly higher than that of output, at 1.7531% and 1.7054%, respectively. This suggests that consumption is also subject to some volatility, although less so than investment.[] 
 []


Overfull \hbox (81.04881pt too wide) in paragraph at lines 128--128
[]\T1/lmtt/m/n/10 % Summary table for the "until 2007Q4" sample (hereafter called "subsample 1"[] 
 []


Overfull \hbox (60.04887pt too wide) in paragraph at lines 133--133
[]\T1/lmtt/m/n/10 fprintf(\TS1/lmtt/m/n/10 '\T1/lmtt/m/n/10 Standard deviations of cyclical components for subsample 1:\n\TS1/lmtt/m/n/10 '\T1/lmtt/m/n/10 );[] 
 []


Overfull \hbox (23.29898pt too wide) in paragraph at lines 147--147
[]\T1/lmtt/m/n/10 corr_matrix1 = corrcoef([Y_cycle1, C_cycle1, I_cycle1, G_cycle1]);[] 
 []


Overfull \hbox (107.29874pt too wide) in paragraph at lines 148--148
[]\T1/lmtt/m/n/10 disp(\TS1/lmtt/m/n/10 '\T1/lmtt/m/n/10 Contemporaneous Output Correlations of Cyclical Components for subsample 1\TS1/lmtt/m/n/10 '\T1/lmtt/m/n/10 )[] 
 []


Overfull \hbox (91.54878pt too wide) in paragraph at lines 149--149
[]\T1/lmtt/m/n/10 disp(\TS1/lmtt/m/n/10 '\T1/lmtt/m/n/10 -----------------------------------------------------------------------\TS1/lmtt/m/n/10 '\T1/lmtt/m/n/10 )[] 
 []


Overfull \hbox (212.29843pt too wide) in paragraph at lines 152--152
[]\T1/lmtt/m/n/10 T1 = table(std_Y_cycle1, std_C_cycle1, std_I_cycle1, std_G_cycle1, Y_rsd1, C_rsd1, I_rsd1, G_rsd1, ...[] 
 []


Overfull \hbox (144.04863pt too wide) in paragraph at lines 153--153
[]          \T1/lmtt/m/n/10 corr_matrix1(1,1), corr_matrix1(1,2), corr_matrix1(1,3), corr_matrix1(1,4), ...[] 
 []


Overfull \hbox (144.04863pt too wide) in paragraph at lines 154--154
[]          \T1/lmtt/m/n/10 corr_matrix1(2,1), corr_matrix1(2,2), corr_matrix1(2,3), corr_matrix1(2,4), ...[] 
 []


Overfull \hbox (144.04863pt too wide) in paragraph at lines 155--155
[]          \T1/lmtt/m/n/10 corr_matrix1(3,1), corr_matrix1(3,2), corr_matrix1(3,3), corr_matrix1(3,4), ...[] 
 []


Overfull \hbox (144.04863pt too wide) in paragraph at lines 156--156
[]          \T1/lmtt/m/n/10 corr_matrix1(4,1), corr_matrix1(4,2), corr_matrix1(4,3), corr_matrix1(4,4), ...[] 
 []


Overfull \hbox (217.54842pt too wide) in paragraph at lines 157--157
[]          \TS1/lmtt/m/n/10 '\T1/lmtt/m/n/10 VariableNames\TS1/lmtt/m/n/10 '\T1/lmtt/m/n/10 , {\TS1/lmtt/m/n/10 '\T1/lmtt/m/n/10 Std_Y\TS1/lmtt/m/n/10 '\T1/lmtt/m/n/10 , \TS1/lmtt/m/n/10 '\T1/lmtt/m/n/10 Std_C\TS1/lmtt/m/n/10 '\T1/lmtt/m/n/10 , \TS1/lmtt/m/n/10 '\T1/lmtt/m/n/10 Std_I\TS1/lmtt/m/n/10 '\T1/lmtt/m/n/10 , \TS1/lmtt/m/n/10 '\T1/lmtt/m/n/10 Std_G\TS1/lmtt/m/n/10 '\T1/lmtt/m/n/10 , \TS1/lmtt/m/n/10 '\T1/lmtt/m/n/10 RSD_Y\TS1/lmtt/m/n/10 '\T1/lmtt/m/n/10 , \TS1/lmtt/m/n/10 '\T1/lmtt/m/n/10 RSD_C\TS1/lmtt/m/n/10 '\T1/lmtt/m/n/10 , \TS1/lmtt/m/n/10 '\T1/lmtt/m/n/10 RSD_I\TS1/lmtt/m/n/10 '\T1/lmtt/m/n/10 , \TS1/lmtt/m/n/10 '\T1/lmtt/m/n/10 RSD_G\TS1/lmtt/m/n/10 '\T1/lmtt/m/n/10 , ...[] 
 []


Overfull \hbox (91.54878pt too wide) in paragraph at lines 158--158
[]                            \TS1/lmtt/m/n/10 '\T1/lmtt/m/n/10 Corr_Y_Y\TS1/lmtt/m/n/10 '\T1/lmtt/m/n/10 , \TS1/lmtt/m/n/10 '\T1/lmtt/m/n/10 Corr_Y_C\TS1/lmtt/m/n/10 '\T1/lmtt/m/n/10 , \TS1/lmtt/m/n/10 '\T1/lmtt/m/n/10 Corr_Y_I\TS1/lmtt/m/n/10 '\T1/lmtt/m/n/10 , \TS1/lmtt/m/n/10 '\T1/lmtt/m/n/10 Corr_Y_G\TS1/lmtt/m/n/10 '\T1/lmtt/m/n/10 , ...[] 
 []


Overfull \hbox (91.54878pt too wide) in paragraph at lines 159--159
[]                            \TS1/lmtt/m/n/10 '\T1/lmtt/m/n/10 Corr_C_Y\TS1/lmtt/m/n/10 '\T1/lmtt/m/n/10 , \TS1/lmtt/m/n/10 '\T1/lmtt/m/n/10 Corr_C_C\TS1/lmtt/m/n/10 '\T1/lmtt/m/n/10 , \TS1/lmtt/m/n/10 '\T1/lmtt/m/n/10 Corr_C_I\TS1/lmtt/m/n/10 '\T1/lmtt/m/n/10 , \TS1/lmtt/m/n/10 '\T1/lmtt/m/n/10 Corr_C_G\TS1/lmtt/m/n/10 '\T1/lmtt/m/n/10 , ...[] 
 []


Overfull \hbox (91.54878pt too wide) in paragraph at lines 160--160
[]                            \TS1/lmtt/m/n/10 '\T1/lmtt/m/n/10 Corr_I_Y\TS1/lmtt/m/n/10 '\T1/lmtt/m/n/10 , \TS1/lmtt/m/n/10 '\T1/lmtt/m/n/10 Corr_I_C\TS1/lmtt/m/n/10 '\T1/lmtt/m/n/10 , \TS1/lmtt/m/n/10 '\T1/lmtt/m/n/10 Corr_I_I\TS1/lmtt/m/n/10 '\T1/lmtt/m/n/10 , \TS1/lmtt/m/n/10 '\T1/lmtt/m/n/10 Corr_I_G\TS1/lmtt/m/n/10 '\T1/lmtt/m/n/10 , ...[] 
 []


Overfull \hbox (81.04881pt too wide) in paragraph at lines 161--161
[]                            \TS1/lmtt/m/n/10 '\T1/lmtt/m/n/10 Corr_G_Y\TS1/lmtt/m/n/10 '\T1/lmtt/m/n/10 , \TS1/lmtt/m/n/10 '\T1/lmtt/m/n/10 Corr_G_C\TS1/lmtt/m/n/10 '\T1/lmtt/m/n/10 , \TS1/lmtt/m/n/10 '\T1/lmtt/m/n/10 Corr_G_I\TS1/lmtt/m/n/10 '\T1/lmtt/m/n/10 , \TS1/lmtt/m/n/10 '\T1/lmtt/m/n/10 Corr_G_G\TS1/lmtt/m/n/10 '\T1/lmtt/m/n/10 });[] 
 []


Overfull \hbox (1908.0435pt too wide) in paragraph at lines 164--164
[]\T1/lmtt/m/n/10 %% Comment: The subsample analysis shows that cyclical components of output, consumption, investment, and government spending are highly correlated, with output and consumption being almost perfectly correlated. The relative standard deviation of the cyclical components for each variable is around 1.4%. Compared to the results of the full sample, the subsample analysis shows a slightly lower degree of cyclical volatility.[] 
 []


Overfull \hbox (75.79883pt too wide) in paragraph at lines 166--166
[]\T1/lmtt/m/n/10 % Summary table for the "from 2008Q1" sample (hereafter called "subsample 2"[] 
 []


Overfull \hbox (60.04887pt too wide) in paragraph at lines 171--171
[]\T1/lmtt/m/n/10 fprintf(\TS1/lmtt/m/n/10 '\T1/lmtt/m/n/10 Standard deviations of cyclical components for subsample 2:\n\TS1/lmtt/m/n/10 '\T1/lmtt/m/n/10 );[] 
 []


Overfull \hbox (23.29898pt too wide) in paragraph at lines 185--185
[]\T1/lmtt/m/n/10 corr_matrix1 = corrcoef([Y_cycle2, C_cycle2, I_cycle2, G_cycle2]);[] 
 []


Overfull \hbox (107.29874pt too wide) in paragraph at lines 186--186
[]\T1/lmtt/m/n/10 disp(\TS1/lmtt/m/n/10 '\T1/lmtt/m/n/10 Contemporaneous Output Correlations of Cyclical Components for subsample 2\TS1/lmtt/m/n/10 '\T1/lmtt/m/n/10 )[] 
 []


Overfull \hbox (91.54878pt too wide) in paragraph at lines 187--187
[]\T1/lmtt/m/n/10 disp(\TS1/lmtt/m/n/10 '\T1/lmtt/m/n/10 -----------------------------------------------------------------------\TS1/lmtt/m/n/10 '\T1/lmtt/m/n/10 )[] 
 []


Overfull \hbox (212.29843pt too wide) in paragraph at lines 190--190
[]\T1/lmtt/m/n/10 T2 = table(std_Y_cycle2, std_C_cycle2, std_I_cycle2, std_G_cycle2, Y_rsd1, C_rsd1, I_rsd1, G_rsd1, ...[] 
 []


Overfull \hbox (144.04863pt too wide) in paragraph at lines 191--191
[]          \T1/lmtt/m/n/10 corr_matrix1(1,1), corr_matrix1(1,2), corr_matrix1(1,3), corr_matrix1(1,4), ...[] 
 []


Overfull \hbox (144.04863pt too wide) in paragraph at lines 192--192
[]          \T1/lmtt/m/n/10 corr_matrix1(2,1), corr_matrix1(2,2), corr_matrix1(2,3), corr_matrix1(2,4), ...[] 
 []


Overfull \hbox (144.04863pt too wide) in paragraph at lines 193--193
[]          \T1/lmtt/m/n/10 corr_matrix1(3,1), corr_matrix1(3,2), corr_matrix1(3,3), corr_matrix1(3,4), ...[] 
 []


Overfull \hbox (144.04863pt too wide) in paragraph at lines 194--194
[]          \T1/lmtt/m/n/10 corr_matrix1(4,1), corr_matrix1(4,2), corr_matrix1(4,3), corr_matrix1(4,4), ...[] 
 []


Overfull \hbox (217.54842pt too wide) in paragraph at lines 195--195
[]          \TS1/lmtt/m/n/10 '\T1/lmtt/m/n/10 VariableNames\TS1/lmtt/m/n/10 '\T1/lmtt/m/n/10 , {\TS1/lmtt/m/n/10 '\T1/lmtt/m/n/10 Std_Y\TS1/lmtt/m/n/10 '\T1/lmtt/m/n/10 , \TS1/lmtt/m/n/10 '\T1/lmtt/m/n/10 Std_C\TS1/lmtt/m/n/10 '\T1/lmtt/m/n/10 , \TS1/lmtt/m/n/10 '\T1/lmtt/m/n/10 Std_I\TS1/lmtt/m/n/10 '\T1/lmtt/m/n/10 , \TS1/lmtt/m/n/10 '\T1/lmtt/m/n/10 Std_G\TS1/lmtt/m/n/10 '\T1/lmtt/m/n/10 , \TS1/lmtt/m/n/10 '\T1/lmtt/m/n/10 RSD_Y\TS1/lmtt/m/n/10 '\T1/lmtt/m/n/10 , \TS1/lmtt/m/n/10 '\T1/lmtt/m/n/10 RSD_C\TS1/lmtt/m/n/10 '\T1/lmtt/m/n/10 , \TS1/lmtt/m/n/10 '\T1/lmtt/m/n/10 RSD_I\TS1/lmtt/m/n/10 '\T1/lmtt/m/n/10 , \TS1/lmtt/m/n/10 '\T1/lmtt/m/n/10 RSD_G\TS1/lmtt/m/n/10 '\T1/lmtt/m/n/10 , ...[] 
 []


Overfull \hbox (91.54878pt too wide) in paragraph at lines 196--196
[]                            \TS1/lmtt/m/n/10 '\T1/lmtt/m/n/10 Corr_Y_Y\TS1/lmtt/m/n/10 '\T1/lmtt/m/n/10 , \TS1/lmtt/m/n/10 '\T1/lmtt/m/n/10 Corr_Y_C\TS1/lmtt/m/n/10 '\T1/lmtt/m/n/10 , \TS1/lmtt/m/n/10 '\T1/lmtt/m/n/10 Corr_Y_I\TS1/lmtt/m/n/10 '\T1/lmtt/m/n/10 , \TS1/lmtt/m/n/10 '\T1/lmtt/m/n/10 Corr_Y_G\TS1/lmtt/m/n/10 '\T1/lmtt/m/n/10 , ...[] 
 []


Overfull \hbox (91.54878pt too wide) in paragraph at lines 197--197
[]                            \TS1/lmtt/m/n/10 '\T1/lmtt/m/n/10 Corr_C_Y\TS1/lmtt/m/n/10 '\T1/lmtt/m/n/10 , \TS1/lmtt/m/n/10 '\T1/lmtt/m/n/10 Corr_C_C\TS1/lmtt/m/n/10 '\T1/lmtt/m/n/10 , \TS1/lmtt/m/n/10 '\T1/lmtt/m/n/10 Corr_C_I\TS1/lmtt/m/n/10 '\T1/lmtt/m/n/10 , \TS1/lmtt/m/n/10 '\T1/lmtt/m/n/10 Corr_C_G\TS1/lmtt/m/n/10 '\T1/lmtt/m/n/10 , ...[] 
 []


Overfull \hbox (91.54878pt too wide) in paragraph at lines 198--198
[]                            \TS1/lmtt/m/n/10 '\T1/lmtt/m/n/10 Corr_I_Y\TS1/lmtt/m/n/10 '\T1/lmtt/m/n/10 , \TS1/lmtt/m/n/10 '\T1/lmtt/m/n/10 Corr_I_C\TS1/lmtt/m/n/10 '\T1/lmtt/m/n/10 , \TS1/lmtt/m/n/10 '\T1/lmtt/m/n/10 Corr_I_I\TS1/lmtt/m/n/10 '\T1/lmtt/m/n/10 , \TS1/lmtt/m/n/10 '\T1/lmtt/m/n/10 Corr_I_G\TS1/lmtt/m/n/10 '\T1/lmtt/m/n/10 , ...[] 
 []


Overfull \hbox (81.04881pt too wide) in paragraph at lines 199--199
[]                            \TS1/lmtt/m/n/10 '\T1/lmtt/m/n/10 Corr_G_Y\TS1/lmtt/m/n/10 '\T1/lmtt/m/n/10 , \TS1/lmtt/m/n/10 '\T1/lmtt/m/n/10 Corr_G_C\TS1/lmtt/m/n/10 '\T1/lmtt/m/n/10 , \TS1/lmtt/m/n/10 '\T1/lmtt/m/n/10 Corr_G_I\TS1/lmtt/m/n/10 '\T1/lmtt/m/n/10 , \TS1/lmtt/m/n/10 '\T1/lmtt/m/n/10 Corr_G_G\TS1/lmtt/m/n/10 '\T1/lmtt/m/n/10 });[] 
 []


Overfull \hbox (2280.79242pt too wide) in paragraph at lines 202--202
[]\T1/lmtt/m/n/10 %% Comment: For subsample 2, the standard deviations of cyclical components are much lower than both the full sample and subsample 1. The relative standard deviations are also much lower for subsample 2. The contemporaneous output correlations of cyclical components for subsample 2 show higher correlation between Y and G compared to subsample 1, but lower correlation between Y and I. Overall, subsample 2 shows much lower volatility and correlation compared to the full sample and subsample 1.[] 
 []

Package mdframed Info: Not enough space on this page on input line 208.
[1

{/usr/local/texlive/2020/texmf-var/fonts/map/pdftex/updmap/pdftex.map}] [2] [3] [4] [5] (/Users/heinzemax/Documents/GitHub/macro2/assignment1/.texpadtmp/untitled3.aux)
Package rerunfilecheck Info: File `untitled3.out' has not changed.
(rerunfilecheck)             Checksum: D41D8CD98F00B204E9800998ECF8427E;0.
 ) 
Here is how much of TeX's memory you used:
 18294 strings out of 479383
 348503 string characters out of 5869387
 718132 words of memory out of 5000000
 35023 multiletter control sequences out of 15000+600000
 407807 words of font info for 31 fonts, out of 8000000 for 9000
 1141 hyphenation exceptions out of 8191
 113i,10n,119p,959b,1080s stack positions out of 5000i,500n,10000p,200000b,80000s
{/usr/local/texlive/2020/texmf-dist/fonts/enc/dvips/lm/lm-ec.enc}{/usr/local/texlive/2020/texmf-dist/fonts/enc/dvips/lm/lm-ts1.enc}</usr/local/texlive/2020/texmf-dist/fonts/type1/public/lm/lmr10.pfb></usr/local/texlive/2020/texmf-dist/fonts/type1/public/lm/lmtt10.pfb>
Output written on /Users/heinzemax/Documents/GitHub/macro2/assignment1/.texpadtmp/untitled3.pdf (5 pages, 61792 bytes).
PDF statistics:
 44 PDF objects out of 1000 (max. 8388607)
 34 compressed objects within 1 object stream
 6 named destinations out of 1000 (max. 500000)
 13 words of extra memory for PDF output out of 10000 (max. 10000000)

